
2018-04-24 17:37:24,655 - LogInfo - get ip list
2018-04-24 17:37:24,656 - LogInfo - start Masscan process...
2018-04-24 17:40:15,518 - LogInfo - finsh Masscan
2018-04-24 17:40:15,521 - LogInfo - start read results...
2018-04-24 17:40:16,340 - LogInfo - start nmap scan service...
2018-04-25 09:59:00,137 - LogInfo - get ip list
2018-04-25 09:59:00,139 - LogInfo - start Masscan process...
2018-04-25 10:00:47,733 - LogInfo - finsh Masscan
2018-04-25 10:00:47,735 - LogInfo - start read results...
2018-04-25 10:00:48,539 - LogInfo - start nmap scan service...
2018-04-25 10:31:05,058 - LogInfo - get ip list
2018-04-25 10:31:05,059 - LogInfo - start Masscan process...
2018-04-25 10:32:52,579 - LogInfo - finsh Masscan
2018-04-25 10:32:52,579 - LogInfo - start read results...
2018-04-25 10:32:53,391 - LogInfo - start nmap scan service...
2018-04-25 10:49:43,546 - LogInfo - get ip list
2018-04-25 10:49:43,547 - LogInfo - start Masscan process...
2018-04-25 10:50:27,553 - LogInfo - finsh Masscan
2018-04-25 10:50:27,554 - LogInfo - start read results...
2018-04-25 10:50:27,554 - LogInfo - start nmap scan service...
2018-04-25 10:50:27,827 - LogInfo - finsh nmap scan.
2018-04-25 10:50:27,827 - LogInfo - compare with the last result
2018-04-25 10:50:27,827 - LogInfo - generate the result file
2018-04-25 10:50:27,828 - LogInfo - start weak pass thread
2018-04-25 10:50:27,828 - LogInfo - start weak pass thread
2018-04-25 10:50:27,828 - LogInfo - read scan reasult to weak pass
2018-04-25 10:50:27,828 - LogInfo - read scan reasult to weak pass
2018-04-25 10:50:27,828 - LogInfo - start weak pass scan...
2018-04-25 10:50:27,828 - LogInfo - start weak pass scan...
2018-04-25 10:50:27,829 - LogInfo - finsh weak pass scan.
2018-04-25 10:50:27,829 - LogInfo - finsh weak pass scan.
2018-04-25 10:50:27,833 - LogInfo - generate the result file out/2018-04-25.xls
2018-04-25 10:50:27,833 - LogInfo - generate the result file out/2018-04-25.xls
2018-04-25 10:50:27,833 - LogInfo - generate the result file out/2018-04-25.xls
2018-04-25 10:50:27,833 - LogInfo - start sending mail...
2018-04-25 10:50:27,833 - LogInfo - start sending mail...
2018-04-25 10:50:27,833 - LogInfo - start sending mail...
2018-04-25 10:50:27,833 - LogInfo - start sending mail...
2018-04-25 10:52:51,132 - LogInfo - get ip list
2018-04-25 10:52:51,133 - LogInfo - start Masscan process...
2018-04-25 10:54:37,762 - LogInfo - finsh Masscan
2018-04-25 10:54:37,763 - LogInfo - start read results...
2018-04-25 10:54:38,558 - LogInfo - start nmap scan service...
2018-04-25 14:04:53,333 - LogInfo - get ip list
2018-04-25 14:04:53,333 - LogInfo - start Masscan process...
2018-04-25 14:06:07,648 - LogInfo - finsh Masscan
2018-04-25 14:06:07,648 - LogInfo - start read results...
2018-04-25 14:06:08,455 - LogInfo - start nmap scan service...
2018-04-25 14:21:22,419 - LogInfo - get ip list
2018-04-25 14:21:22,420 - LogInfo - start Masscan process...
2018-04-25 14:22:05,520 - LogInfo - finsh Masscan
2018-04-25 14:22:05,521 - LogInfo - start read results...
2018-04-25 14:22:05,521 - LogInfo - start nmap scan service...
2018-04-25 14:22:05,653 - LogInfo - finsh nmap scan.
2018-04-25 14:22:05,653 - LogInfo - compare with the last result
2018-04-25 14:22:05,653 - LogInfo - generate the result file
2018-04-25 14:22:05,654 - LogInfo - start weak pass thread
2018-04-25 14:22:05,654 - LogInfo - start weak pass thread
2018-04-25 14:22:05,654 - LogInfo - read scan reasult to weak pass
2018-04-25 14:22:05,654 - LogInfo - read scan reasult to weak pass
2018-04-25 14:22:05,654 - LogInfo - start weak pass scan...
2018-04-25 14:22:05,654 - LogInfo - start weak pass scan...
2018-04-25 14:22:05,654 - LogInfo - finsh weak pass scan.
2018-04-25 14:22:05,654 - LogInfo - finsh weak pass scan.
2018-04-25 14:22:05,659 - LogInfo - generate the result file out/2018-04-25.xls
2018-04-25 14:22:05,659 - LogInfo - generate the result file out/2018-04-25.xls
2018-04-25 14:22:05,659 - LogInfo - generate the result file out/2018-04-25.xls
2018-04-25 14:22:05,659 - LogInfo - start sending mail...
2018-04-25 14:22:05,659 - LogInfo - start sending mail...
2018-04-25 14:22:05,659 - LogInfo - start sending mail...
2018-04-25 14:22:05,659 - LogInfo - start sending mail...
2018-04-25 14:29:15,989 - LogInfo - get ip list
2018-04-25 14:29:15,990 - LogInfo - start Masscan process...
2018-04-25 14:29:59,643 - LogInfo - finsh Masscan
2018-04-25 14:29:59,644 - LogInfo - start read results...
2018-04-25 14:29:59,645 - LogInfo - start nmap scan service...
2018-04-25 14:29:59,780 - LogInfo - finsh nmap scan.
2018-04-25 14:29:59,780 - LogInfo - compare with the last result
2018-04-25 14:29:59,780 - LogInfo - generate the result file
2018-04-25 14:29:59,781 - LogInfo - start weak pass thread
2018-04-25 14:29:59,781 - LogInfo - start weak pass thread
2018-04-25 14:29:59,782 - LogInfo - read scan reasult to weak pass
2018-04-25 14:29:59,782 - LogInfo - read scan reasult to weak pass
2018-04-25 14:29:59,782 - LogInfo - start weak pass scan...
2018-04-25 14:29:59,782 - LogInfo - start weak pass scan...
2018-04-25 14:29:59,782 - LogInfo - finsh weak pass scan.
2018-04-25 14:29:59,782 - LogInfo - finsh weak pass scan.
2018-04-25 14:29:59,787 - LogInfo - generate the result file out/2018-04-25.xls
2018-04-25 14:29:59,787 - LogInfo - generate the result file out/2018-04-25.xls
2018-04-25 14:29:59,787 - LogInfo - generate the result file out/2018-04-25.xls
2018-04-25 14:29:59,787 - LogInfo - start sending mail...
2018-04-25 14:29:59,787 - LogInfo - start sending mail...
2018-04-25 14:29:59,787 - LogInfo - start sending mail...
2018-04-25 14:29:59,787 - LogInfo - start sending mail...
2018-04-25 14:31:49,366 - LogInfo - get ip list
2018-04-25 14:31:49,367 - LogInfo - start Masscan process...
2018-04-25 14:32:32,758 - LogInfo - finsh Masscan
2018-04-25 14:32:32,760 - LogInfo - start read results...
2018-04-25 14:32:32,761 - LogInfo - start nmap scan service...
2018-04-25 14:32:32,906 - LogInfo - finsh nmap scan.
2018-04-25 14:32:32,906 - LogInfo - compare with the last result
2018-04-25 14:32:32,906 - LogInfo - generate the result file
2018-04-25 14:32:32,907 - LogInfo - start weak pass thread
2018-04-25 14:32:32,907 - LogInfo - start weak pass thread
2018-04-25 14:32:32,908 - LogInfo - read scan reasult to weak pass
2018-04-25 14:32:32,908 - LogInfo - read scan reasult to weak pass
2018-04-25 14:32:32,908 - LogInfo - start weak pass scan...
2018-04-25 14:32:32,908 - LogInfo - start weak pass scan...
2018-04-25 14:32:32,908 - LogInfo - finsh weak pass scan.
2018-04-25 14:32:32,908 - LogInfo - finsh weak pass scan.
2018-04-25 14:32:32,914 - LogInfo - generate the result file out/2018-04-25.xls
2018-04-25 14:32:32,914 - LogInfo - generate the result file out/2018-04-25.xls
2018-04-25 14:32:32,914 - LogInfo - generate the result file out/2018-04-25.xls
2018-04-25 14:32:32,914 - LogInfo - start sending mail...
2018-04-25 14:32:32,914 - LogInfo - start sending mail...
2018-04-25 14:32:32,914 - LogInfo - start sending mail...
2018-04-25 14:32:32,914 - LogInfo - start sending mail...
2018-04-25 14:34:12,722 - LogInfo - get ip list
2018-04-25 14:34:12,723 - LogInfo - start Masscan process...
2018-04-25 14:34:55,594 - LogInfo - finsh Masscan
2018-04-25 14:34:55,596 - LogInfo - start read results...
2018-04-25 14:34:55,598 - LogInfo - start nmap scan service...
2018-04-25 14:34:55,744 - LogInfo - finsh nmap scan.
2018-04-25 14:34:55,745 - LogInfo - compare with the last result
2018-04-25 14:34:55,745 - LogInfo - generate the result file
2018-04-25 14:34:55,746 - LogInfo - start weak pass thread
2018-04-25 14:34:55,746 - LogInfo - start weak pass thread
2018-04-25 14:34:55,746 - LogInfo - read scan reasult to weak pass
2018-04-25 14:34:55,746 - LogInfo - read scan reasult to weak pass
2018-04-25 14:34:55,746 - LogInfo - start weak pass scan...
2018-04-25 14:34:55,746 - LogInfo - start weak pass scan...
2018-04-25 14:34:55,746 - LogInfo - finsh weak pass scan.
2018-04-25 14:34:55,746 - LogInfo - finsh weak pass scan.
2018-04-25 14:34:55,750 - LogInfo - generate the result file out/2018-04-25.xls
2018-04-25 14:34:55,750 - LogInfo - generate the result file out/2018-04-25.xls
2018-04-25 14:34:55,750 - LogInfo - generate the result file out/2018-04-25.xls
2018-04-25 14:34:55,750 - LogInfo - start sending mail...
2018-04-25 14:34:55,750 - LogInfo - start sending mail...
2018-04-25 14:34:55,750 - LogInfo - start sending mail...
2018-04-25 14:34:55,750 - LogInfo - start sending mail...
2018-04-25 14:36:23,542 - LogInfo - get ip list
2018-04-25 14:36:23,543 - LogInfo - start Masscan process...
2018-04-25 14:37:06,681 - LogInfo - finsh Masscan
2018-04-25 14:37:06,682 - LogInfo - start read results...
2018-04-25 14:37:06,683 - LogInfo - start nmap scan service...
2018-04-25 14:37:06,811 - LogInfo - finsh nmap scan.
2018-04-25 14:37:06,811 - LogInfo - compare with the last result
2018-04-25 14:37:06,812 - LogInfo - generate the result file
2018-04-25 14:37:06,814 - LogInfo - start weak pass thread
2018-04-25 14:37:06,814 - LogInfo - start weak pass thread
2018-04-25 14:37:06,814 - LogInfo - read scan reasult to weak pass
2018-04-25 14:37:06,814 - LogInfo - read scan reasult to weak pass
2018-04-25 14:37:06,814 - LogInfo - start weak pass scan...
2018-04-25 14:37:06,814 - LogInfo - start weak pass scan...
2018-04-25 14:37:06,815 - LogInfo - finsh weak pass scan.
2018-04-25 14:37:06,815 - LogInfo - finsh weak pass scan.
2018-04-25 14:37:06,819 - LogInfo - generate the result file out/2018-04-25.xls
2018-04-25 14:37:06,819 - LogInfo - generate the result file out/2018-04-25.xls
2018-04-25 14:37:06,819 - LogInfo - generate the result file out/2018-04-25.xls
2018-04-25 14:37:06,819 - LogInfo - start sending mail...
2018-04-25 14:37:06,819 - LogInfo - start sending mail...
2018-04-25 14:37:06,819 - LogInfo - start sending mail...
2018-04-25 14:37:06,819 - LogInfo - start sending mail...
2018-04-25 14:45:28,975 - LogInfo - get ip list
2018-04-25 14:45:28,976 - LogInfo - start Masscan process...
2018-04-25 14:46:12,673 - LogInfo - finsh Masscan
2018-04-25 14:46:12,674 - LogInfo - start read results...
2018-04-25 14:46:12,675 - LogInfo - start nmap scan service...
2018-04-25 14:46:12,809 - LogInfo - finsh nmap scan.
2018-04-25 14:46:12,809 - LogInfo - compare with the last result
2018-04-25 14:46:12,809 - LogInfo - generate the result file
2018-04-25 14:46:12,810 - LogInfo - start weak pass thread
2018-04-25 14:46:12,810 - LogInfo - start weak pass thread
2018-04-25 14:46:12,810 - LogInfo - read scan reasult to weak pass
2018-04-25 14:46:12,810 - LogInfo - read scan reasult to weak pass
2018-04-25 14:46:12,810 - LogInfo - start weak pass scan...
2018-04-25 14:46:12,810 - LogInfo - start weak pass scan...
2018-04-25 14:46:12,810 - LogInfo - finsh weak pass scan.
2018-04-25 14:46:12,810 - LogInfo - finsh weak pass scan.
2018-04-25 14:46:12,814 - LogInfo - generate the result file out/2018-04-25.xls
2018-04-25 14:46:12,814 - LogInfo - generate the result file out/2018-04-25.xls
2018-04-25 14:46:12,814 - LogInfo - generate the result file out/2018-04-25.xls
2018-04-25 14:46:12,814 - LogInfo - start sending mail...
2018-04-25 14:46:12,814 - LogInfo - start sending mail...
2018-04-25 14:46:12,814 - LogInfo - start sending mail...
2018-04-25 14:46:12,814 - LogInfo - start sending mail...
2018-04-25 14:46:13,586 - LogInfo - sending mail success
2018-04-25 14:46:13,586 - LogInfo - sending mail success
2018-04-25 14:46:13,586 - LogInfo - sending mail success
2018-04-25 14:46:13,586 - LogInfo - sending mail success
2018-04-25 14:48:53,805 - LogInfo - get ip list
2018-04-25 14:48:53,806 - LogInfo - start Masscan process...
2018-04-25 14:51:14,733 - LogInfo - finsh Masscan
2018-04-25 14:51:14,735 - LogInfo - start read results...
2018-04-25 14:51:14,738 - LogInfo - start nmap scan service...
2018-04-25 14:51:15,150 - LogInfo - finsh nmap scan.
2018-04-25 14:51:15,151 - LogInfo - compare with the last result
2018-04-25 14:51:15,151 - LogInfo - generate the result file
2018-04-25 14:51:15,152 - LogInfo - start weak pass thread
2018-04-25 14:51:15,152 - LogInfo - start weak pass thread
2018-04-25 14:51:15,152 - LogInfo - read scan reasult to weak pass
2018-04-25 14:51:15,152 - LogInfo - read scan reasult to weak pass
2018-04-25 14:51:15,152 - LogInfo - start weak pass scan...
2018-04-25 14:51:15,152 - LogInfo - start weak pass scan...
2018-04-25 14:51:15,153 - LogInfo - finsh weak pass scan.
2018-04-25 14:51:15,153 - LogInfo - finsh weak pass scan.
2018-04-25 14:51:15,159 - LogInfo - generate the result file out/2018-04-25.xls
2018-04-25 14:51:15,159 - LogInfo - generate the result file out/2018-04-25.xls
2018-04-25 14:51:15,159 - LogInfo - generate the result file out/2018-04-25.xls
2018-04-25 14:51:15,160 - LogInfo - start sending mail...
2018-04-25 14:51:15,160 - LogInfo - start sending mail...
2018-04-25 14:51:15,160 - LogInfo - start sending mail...
2018-04-25 14:51:15,160 - LogInfo - start sending mail...
2018-04-25 14:51:15,869 - LogInfo - sending mail success
2018-04-25 14:51:15,869 - LogInfo - sending mail success
2018-04-25 14:51:15,869 - LogInfo - sending mail success
2018-04-25 14:51:15,869 - LogInfo - sending mail success
2018-04-25 14:56:02,441 - LogInfo - get ip list
2018-04-25 14:56:02,442 - LogInfo - start Masscan process...
2018-04-25 14:58:23,725 - LogInfo - finsh Masscan
2018-04-25 14:58:23,725 - LogInfo - start read results...
2018-04-25 14:58:23,726 - LogInfo - start nmap scan service...
2018-04-25 14:58:24,120 - LogInfo - finsh nmap scan.
2018-04-25 14:58:24,120 - LogInfo - compare with the last result
2018-04-25 14:58:24,120 - LogInfo - generate the result file
2018-04-25 14:58:24,121 - LogInfo - start weak pass thread
2018-04-25 14:58:24,121 - LogInfo - start weak pass thread
2018-04-25 14:58:24,121 - LogInfo - read scan reasult to weak pass
2018-04-25 14:58:24,121 - LogInfo - read scan reasult to weak pass
2018-04-25 14:58:24,121 - LogInfo - start weak pass scan...
2018-04-25 14:58:24,121 - LogInfo - start weak pass scan...
2018-04-25 14:58:24,121 - LogInfo - finsh weak pass scan.
2018-04-25 14:58:24,121 - LogInfo - finsh weak pass scan.
2018-04-25 14:58:24,127 - LogInfo - generate the result file out/2018-04-25.xls
2018-04-25 14:58:24,127 - LogInfo - generate the result file out/2018-04-25.xls
2018-04-25 14:58:24,127 - LogInfo - generate the result file out/2018-04-25.xls
2018-04-25 14:58:24,127 - LogInfo - start sending mail...
2018-04-25 14:58:24,127 - LogInfo - start sending mail...
2018-04-25 14:58:24,127 - LogInfo - start sending mail...
2018-04-25 14:58:24,127 - LogInfo - start sending mail...
2018-04-25 14:58:24,948 - LogInfo - sending mail success
2018-04-25 14:58:24,948 - LogInfo - sending mail success
2018-04-25 14:58:24,948 - LogInfo - sending mail success
2018-04-25 14:58:24,948 - LogInfo - sending mail success
2018-04-25 15:02:02,945 - LogInfo - get ip list
2018-04-25 15:02:02,946 - LogInfo - start Masscan process...
2018-04-25 15:06:01,607 - LogInfo - finsh Masscan
2018-04-25 15:06:01,609 - LogInfo - start read results...
2018-04-25 15:06:01,610 - LogInfo - start nmap scan service...
2018-04-25 15:06:02,523 - LogInfo - finsh nmap scan.
2018-04-25 15:06:02,524 - LogInfo - compare with the last result
2018-04-25 15:06:02,524 - LogInfo - generate the result file
2018-04-25 15:06:02,525 - LogInfo - start weak pass thread
2018-04-25 15:06:02,525 - LogInfo - start weak pass thread
2018-04-25 15:06:02,525 - LogInfo - read scan reasult to weak pass
2018-04-25 15:06:02,525 - LogInfo - read scan reasult to weak pass
2018-04-25 15:06:02,525 - LogInfo - start weak pass scan...
2018-04-25 15:06:02,525 - LogInfo - start weak pass scan...
2018-04-25 15:06:02,526 - LogInfo - finsh weak pass scan.
2018-04-25 15:06:02,526 - LogInfo - finsh weak pass scan.
2018-04-25 15:06:02,530 - LogInfo - generate the result file out/2018-04-25.xls
2018-04-25 15:06:02,530 - LogInfo - generate the result file out/2018-04-25.xls
2018-04-25 15:06:02,530 - LogInfo - generate the result file out/2018-04-25.xls
2018-04-25 15:06:02,531 - LogInfo - start sending mail...
2018-04-25 15:06:02,531 - LogInfo - start sending mail...
2018-04-25 15:06:02,531 - LogInfo - start sending mail...
2018-04-25 15:06:02,531 - LogInfo - start sending mail...
2018-04-25 15:06:07,819 - LogInfo - sending mail success
2018-04-25 15:06:07,819 - LogInfo - sending mail success
2018-04-25 15:06:07,819 - LogInfo - sending mail success
2018-04-25 15:06:07,819 - LogInfo - sending mail success
2018-04-25 15:23:03,494 - LogInfo - get ip list
2018-04-25 15:23:03,495 - LogInfo - start Masscan process...
2018-04-25 15:27:01,532 - LogInfo - finsh Masscan
2018-04-25 15:27:01,532 - LogInfo - start read results...
2018-04-25 15:27:01,534 - LogInfo - start nmap scan service...
2018-04-25 15:27:02,417 - LogInfo - finsh nmap scan.
2018-04-25 15:27:02,417 - LogInfo - compare with the last result
2018-04-25 15:27:02,417 - LogInfo - generate the result file
2018-04-25 15:27:02,418 - LogInfo - start weak pass thread
2018-04-25 15:27:02,418 - LogInfo - start weak pass thread
2018-04-25 15:27:02,418 - LogInfo - read scan reasult to weak pass
2018-04-25 15:27:02,418 - LogInfo - read scan reasult to weak pass
2018-04-25 15:27:02,418 - LogInfo - start weak pass scan...
2018-04-25 15:27:02,418 - LogInfo - start weak pass scan...
2018-04-25 15:27:02,418 - LogInfo - finsh weak pass scan.
2018-04-25 15:27:02,418 - LogInfo - finsh weak pass scan.
2018-04-25 15:27:02,423 - LogInfo - generate the result file out/2018-04-25.xls
2018-04-25 15:27:02,423 - LogInfo - generate the result file out/2018-04-25.xls
2018-04-25 15:27:02,423 - LogInfo - generate the result file out/2018-04-25.xls
2018-04-25 15:27:02,423 - LogInfo - start sending mail...
2018-04-25 15:27:02,423 - LogInfo - start sending mail...
2018-04-25 15:27:02,423 - LogInfo - start sending mail...
2018-04-25 15:27:02,423 - LogInfo - start sending mail...
2018-04-25 15:27:03,127 - LogInfo - sending mail success
2018-04-25 15:27:03,127 - LogInfo - sending mail success
2018-04-25 15:27:03,127 - LogInfo - sending mail success
2018-04-25 15:27:03,127 - LogInfo - sending mail success
2018-04-26 10:27:26,458 - LogInfo - get ip list
2018-04-26 10:27:26,460 - LogInfo - start Masscan process...
2018-04-26 10:33:01,621 - LogInfo - finsh Masscan
2018-04-26 10:33:01,623 - LogInfo - start read results...
2018-04-26 10:33:01,625 - LogInfo - start nmap scan service...
2018-04-26 10:33:25,367 - LogInfo - finsh nmap scan.
2018-04-26 10:33:25,367 - LogInfo - compare with the last result
2018-04-26 10:33:25,368 - LogInfo - generate the result file
2018-04-26 10:33:25,369 - LogInfo - start weak pass thread
2018-04-26 10:33:25,369 - LogInfo - start weak pass thread
2018-04-26 10:33:25,370 - LogInfo - read scan reasult to weak pass
2018-04-26 10:33:25,370 - LogInfo - read scan reasult to weak pass
2018-04-26 10:33:25,371 - LogInfo - start weak pass scan...
2018-04-26 10:33:25,371 - LogInfo - start weak pass scan...
2018-04-26 10:33:25,371 - LogInfo - finsh weak pass scan.
2018-04-26 10:33:25,371 - LogInfo - finsh weak pass scan.
2018-04-26 10:33:25,378 - LogInfo - generate the result file out/2018-04-26.xls
2018-04-26 10:33:25,378 - LogInfo - generate the result file out/2018-04-26.xls
2018-04-26 10:33:25,378 - LogInfo - generate the result file out/2018-04-26.xls
2018-04-26 10:33:25,379 - LogInfo - start sending mail...
2018-04-26 10:33:25,379 - LogInfo - start sending mail...
2018-04-26 10:33:25,379 - LogInfo - start sending mail...
2018-04-26 10:33:25,379 - LogInfo - start sending mail...
2018-04-26 10:33:26,201 - LogInfo - sending mail success
2018-04-26 10:33:26,201 - LogInfo - sending mail success
2018-04-26 10:33:26,201 - LogInfo - sending mail success
2018-04-26 10:33:26,201 - LogInfo - sending mail success
2018-04-26 10:37:36,998 - LogInfo - get ip list
2018-04-26 10:37:36,999 - LogInfo - start Masscan process...
2018-04-26 10:48:36,568 - LogInfo - finsh Masscan
2018-04-26 10:48:36,571 - LogInfo - start read results...
2018-04-26 10:48:36,574 - LogInfo - start nmap scan service...
2018-04-26 10:48:45,578 - LogInfo - finsh nmap scan.
2018-04-26 10:48:45,578 - LogInfo - compare with the last result
2018-04-26 10:48:45,579 - LogInfo - generate the result file
2018-04-26 10:48:45,582 - LogInfo - start weak pass thread
2018-04-26 10:48:45,582 - LogInfo - start weak pass thread
2018-04-26 10:48:45,582 - LogInfo - read scan reasult to weak pass
2018-04-26 10:48:45,582 - LogInfo - read scan reasult to weak pass
2018-04-26 10:48:45,583 - LogInfo - start weak pass scan...
2018-04-26 10:48:45,583 - LogInfo - start weak pass scan...
2018-04-26 10:48:45,583 - LogInfo - finsh weak pass scan.
2018-04-26 10:48:45,583 - LogInfo - finsh weak pass scan.
2018-04-26 10:48:45,593 - LogInfo - generate the result file out/2018-04-26.xls
2018-04-26 10:48:45,593 - LogInfo - generate the result file out/2018-04-26.xls
2018-04-26 10:48:45,593 - LogInfo - generate the result file out/2018-04-26.xls
2018-04-26 10:48:45,594 - LogInfo - start sending mail...
2018-04-26 10:48:45,594 - LogInfo - start sending mail...
2018-04-26 10:48:45,594 - LogInfo - start sending mail...
2018-04-26 10:48:45,594 - LogInfo - start sending mail...
2018-04-26 10:48:46,346 - LogInfo - sending mail success
2018-04-26 10:48:46,346 - LogInfo - sending mail success
2018-04-26 10:48:46,346 - LogInfo - sending mail success
2018-04-26 10:48:46,346 - LogInfo - sending mail success
2018-04-26 10:50:44,264 - LogInfo - get ip list
2018-04-26 10:50:44,265 - LogInfo - start Masscan process...
2018-04-26 11:07:06,532 - LogInfo - finsh Masscan
2018-04-26 11:07:06,535 - LogInfo - start read results...
2018-04-26 11:07:06,538 - LogInfo - start nmap scan service...
2018-04-26 11:10:49,835 - LogInfo - finsh nmap scan.
2018-04-26 11:10:49,836 - LogInfo - compare with the last result
2018-04-26 11:10:49,837 - LogInfo - generate the result file
2018-04-26 11:10:49,839 - LogInfo - start weak pass thread
2018-04-26 11:10:49,839 - LogInfo - start weak pass thread
2018-04-26 11:10:49,840 - LogInfo - read scan reasult to weak pass
2018-04-26 11:10:49,840 - LogInfo - read scan reasult to weak pass
2018-04-26 11:10:49,840 - LogInfo - start weak pass scan...
2018-04-26 11:10:49,840 - LogInfo - start weak pass scan...
2018-04-26 11:10:49,840 - LogInfo - finsh weak pass scan.
2018-04-26 11:10:49,840 - LogInfo - finsh weak pass scan.
2018-04-26 11:10:49,854 - LogInfo - generate the result file out/2018-04-26.xls
2018-04-26 11:10:49,854 - LogInfo - generate the result file out/2018-04-26.xls
2018-04-26 11:10:49,854 - LogInfo - generate the result file out/2018-04-26.xls
2018-04-26 11:10:49,855 - LogInfo - start sending mail...
2018-04-26 11:10:49,855 - LogInfo - start sending mail...
2018-04-26 11:10:49,855 - LogInfo - start sending mail...
2018-04-26 11:10:49,855 - LogInfo - start sending mail...
2018-04-26 11:10:50,571 - LogInfo - sending mail success
2018-04-26 11:10:50,571 - LogInfo - sending mail success
2018-04-26 11:10:50,571 - LogInfo - sending mail success
2018-04-26 11:10:50,571 - LogInfo - sending mail success
2018-04-26 11:17:02,200 - LogInfo - get ip list
2018-04-26 11:17:02,201 - LogInfo - start Masscan process...
2018-04-26 11:34:29,007 - LogInfo - finsh Masscan
2018-04-26 11:34:29,012 - LogInfo - start read results...
2018-04-26 11:34:29,016 - LogInfo - start nmap scan service...
2018-04-26 11:39:11,987 - LogInfo - finsh nmap scan.
2018-04-26 11:39:11,988 - LogInfo - compare with the last result
2018-04-26 11:39:11,989 - LogInfo - generate the result file
2018-04-26 11:39:11,990 - LogInfo - start weak pass thread
2018-04-26 11:39:11,990 - LogInfo - start weak pass thread
2018-04-26 11:39:11,990 - LogInfo - read scan reasult to weak pass
2018-04-26 11:39:11,990 - LogInfo - read scan reasult to weak pass
2018-04-26 11:39:11,991 - LogInfo - start weak pass scan...
2018-04-26 11:39:11,991 - LogInfo - start weak pass scan...
2018-04-26 11:39:11,991 - LogInfo - finsh weak pass scan.
2018-04-26 11:39:11,991 - LogInfo - finsh weak pass scan.
2018-04-26 11:39:12,009 - LogInfo - generate the result file out/2018-04-26.xls
2018-04-26 11:39:12,009 - LogInfo - generate the result file out/2018-04-26.xls
2018-04-26 11:39:12,009 - LogInfo - generate the result file out/2018-04-26.xls
2018-04-26 11:39:12,009 - LogInfo - start sending mail...
2018-04-26 11:39:12,009 - LogInfo - start sending mail...
2018-04-26 11:39:12,009 - LogInfo - start sending mail...
2018-04-26 11:39:12,009 - LogInfo - start sending mail...
2018-04-26 11:39:12,961 - LogInfo - sending mail success
2018-04-26 11:39:12,961 - LogInfo - sending mail success
2018-04-26 11:39:12,961 - LogInfo - sending mail success
2018-04-26 11:39:12,961 - LogInfo - sending mail success
2018-04-26 13:46:37,273 - LogInfo - get ip list
2018-04-26 13:46:37,275 - LogInfo - IP files may be wrong.
2018-04-26 13:46:37,275 - LogInfo - program exits
2018-04-26 13:46:37,275 - LogInfo - start weak pass thread
2018-04-26 13:46:37,275 - LogInfo - start weak pass thread
2018-04-26 13:46:37,275 - LogInfo - read scan reasult to weak pass
2018-04-26 13:46:37,275 - LogInfo - read scan reasult to weak pass
2018-04-26 13:46:37,275 - LogInfo - start weak pass scan...
2018-04-26 13:46:37,275 - LogInfo - start weak pass scan...
2018-04-26 13:46:37,276 - LogInfo - finsh weak pass scan.
2018-04-26 13:46:37,276 - LogInfo - finsh weak pass scan.
2018-04-26 13:46:37,276 - LogInfo - start sending mail...
2018-04-26 13:46:37,276 - LogInfo - start sending mail...
2018-04-26 13:46:37,276 - LogInfo - start sending mail...
2018-04-26 13:47:12,659 - LogInfo - get ip list
2018-04-26 13:47:12,661 - LogInfo - IP files may be wrong.
2018-04-26 13:47:12,661 - LogInfo - program exits
2018-04-26 13:47:12,661 - LogInfo - start weak pass thread
2018-04-26 13:47:12,661 - LogInfo - start weak pass thread
2018-04-26 13:47:12,661 - LogInfo - read scan reasult to weak pass
2018-04-26 13:47:12,661 - LogInfo - read scan reasult to weak pass
2018-04-26 13:47:12,662 - LogInfo - start weak pass scan...
2018-04-26 13:47:12,662 - LogInfo - start weak pass scan...
2018-04-26 13:47:12,662 - LogInfo - finsh weak pass scan.
2018-04-26 13:47:12,662 - LogInfo - finsh weak pass scan.
2018-04-26 13:47:12,662 - LogInfo - start sending mail...
2018-04-26 13:47:12,662 - LogInfo - start sending mail...
2018-04-26 13:47:12,662 - LogInfo - start sending mail...
2018-04-26 13:52:04,463 - LogInfo - get ip list
2018-04-26 13:52:04,464 - LogInfo - start Masscan process...
2018-04-26 14:41:53,849 - LogInfo - finsh Masscan
2018-04-26 14:41:53,853 - LogInfo - start read results...
2018-04-26 14:41:53,864 - LogInfo - start nmap scan service...
2018-04-26 14:51:05,477 - LogInfo - finsh nmap scan.
2018-04-26 14:51:05,478 - LogInfo - compare with the last result
2018-04-26 14:51:05,479 - LogInfo - generate the result file
2018-04-26 14:51:05,480 - LogInfo - start weak pass thread
2018-04-26 14:51:05,480 - LogInfo - start weak pass thread
2018-04-26 14:51:05,481 - LogInfo - read scan reasult to weak pass
2018-04-26 14:51:05,481 - LogInfo - read scan reasult to weak pass
2018-04-26 14:51:05,481 - LogInfo - start weak pass scan...
2018-04-26 14:51:05,481 - LogInfo - start weak pass scan...
2018-04-26 14:51:05,482 - LogInfo - finsh weak pass scan.
2018-04-26 14:51:05,482 - LogInfo - finsh weak pass scan.
2018-04-26 14:51:05,503 - LogInfo - generate the result file out/2018-04-26.xls
2018-04-26 14:51:05,503 - LogInfo - generate the result file out/2018-04-26.xls
2018-04-26 14:51:05,503 - LogInfo - generate the result file out/2018-04-26.xls
2018-04-26 14:51:05,504 - LogInfo - start sending mail...
2018-04-26 14:51:05,504 - LogInfo - start sending mail...
2018-04-26 14:51:05,504 - LogInfo - start sending mail...
2018-04-26 14:51:05,504 - LogInfo - start sending mail...
2018-04-26 14:51:06,371 - LogInfo - sending mail success
2018-04-26 14:51:06,371 - LogInfo - sending mail success
2018-04-26 14:51:06,371 - LogInfo - sending mail success
2018-04-26 14:51:06,371 - LogInfo - sending mail success
