2018-04-24 15:27:49,860 - LogInfo - finsh weak pass scan.
2018-04-24 15:27:49,860 - LogInfo - finsh weak pass scan.
2018-04-24 15:27:49,864 - LogInfo - generate the result file out/2018-04-24.xls
2018-04-24 15:27:49,864 - LogInfo - generate the result file out/2018-04-24.xls
2018-04-24 15:27:49,864 - LogInfo - generate the result file out/2018-04-24.xls
2018-04-24 15:27:49,864 - LogInfo - start sending mail...
2018-04-24 15:27:49,864 - LogInfo - start sending mail...
2018-04-24 15:27:49,864 - LogInfo - start sending mail...
2018-04-24 15:27:49,864 - LogInfo - start sending mail...
2018-04-24 15:30:04,762 - LogInfo - get ip list
2018-04-24 15:30:04,762 - LogInfo - start Masscan process...
2018-04-24 15:30:47,649 - LogInfo - finsh Masscan
2018-04-24 15:30:47,651 - LogInfo - start read results...
2018-04-24 15:30:47,652 - LogInfo - start nmap scan service...
2018-04-24 15:30:47,900 - LogInfo - finsh nmap scan.
2018-04-24 15:30:47,900 - LogInfo - compare with the last result
2018-04-24 15:30:47,900 - LogInfo - generate the result file
2018-04-24 15:30:47,901 - LogInfo - start weak pass thread
2018-04-24 15:30:47,901 - LogInfo - start weak pass thread
2018-04-24 15:30:47,901 - LogInfo - read scan reasult to weak pass
2018-04-24 15:30:47,901 - LogInfo - read scan reasult to weak pass
2018-04-24 15:30:47,901 - LogInfo - start weak pass scan...
2018-04-24 15:30:47,901 - LogInfo - start weak pass scan...
2018-04-24 15:30:47,901 - LogInfo - finsh weak pass scan.
2018-04-24 15:30:47,901 - LogInfo - finsh weak pass scan.
2018-04-24 15:30:47,906 - LogInfo - generate the result file out/2018-04-24.xls
2018-04-24 15:30:47,906 - LogInfo - generate the result file out/2018-04-24.xls
2018-04-24 15:30:47,906 - LogInfo - generate the result file out/2018-04-24.xls
2018-04-24 15:30:47,906 - LogInfo - start sending mail...
2018-04-24 15:30:47,906 - LogInfo - start sending mail...
2018-04-24 15:30:47,906 - LogInfo - start sending mail...
2018-04-24 15:30:47,906 - LogInfo - start sending mail...
2018-04-24 15:30:48,678 - LogInfo - sending mail success
2018-04-24 15:30:48,678 - LogInfo - sending mail success
2018-04-24 15:30:48,678 - LogInfo - sending mail success
2018-04-24 15:30:48,678 - LogInfo - sending mail success
2018-04-24 15:33:48,078 - LogInfo - get ip list
2018-04-24 15:33:48,079 - LogInfo - start Masscan process...
2018-04-24 15:34:31,525 - LogInfo - finsh Masscan
2018-04-24 15:34:31,526 - LogInfo - start read results...
2018-04-24 15:34:31,527 - LogInfo - start nmap scan service...
2018-04-24 15:34:31,780 - LogInfo - finsh nmap scan.
2018-04-24 15:34:31,781 - LogInfo - compare with the last result
2018-04-24 15:34:31,781 - LogInfo - generate the result file
2018-04-24 15:34:31,782 - LogInfo - start weak pass thread
2018-04-24 15:34:31,782 - LogInfo - start weak pass thread
2018-04-24 15:34:31,782 - LogInfo - read scan reasult to weak pass
2018-04-24 15:34:31,782 - LogInfo - read scan reasult to weak pass
2018-04-24 15:34:31,782 - LogInfo - start weak pass scan...
2018-04-24 15:34:31,782 - LogInfo - start weak pass scan...
2018-04-24 15:34:31,783 - LogInfo - finsh weak pass scan.
2018-04-24 15:34:31,783 - LogInfo - finsh weak pass scan.
2018-04-24 15:34:31,786 - LogInfo - generate the result file out/2018-04-24.xls
2018-04-24 15:34:31,786 - LogInfo - generate the result file out/2018-04-24.xls
2018-04-24 15:34:31,786 - LogInfo - generate the result file out/2018-04-24.xls
2018-04-24 15:34:31,787 - LogInfo - start sending mail...
2018-04-24 15:34:31,787 - LogInfo - start sending mail...
2018-04-24 15:34:31,787 - LogInfo - start sending mail...
2018-04-24 15:34:31,787 - LogInfo - start sending mail...
2018-04-24 15:34:32,559 - LogInfo - sending mail success
2018-04-24 15:34:32,559 - LogInfo - sending mail success
2018-04-24 15:34:32,559 - LogInfo - sending mail success
2018-04-24 15:34:32,559 - LogInfo - sending mail success
2018-04-24 15:36:02,274 - LogInfo - get ip list
2018-04-24 15:36:02,274 - LogInfo - start Masscan process...
2018-04-24 15:36:45,646 - LogInfo - finsh Masscan
2018-04-24 15:36:45,647 - LogInfo - start read results...
2018-04-24 15:36:45,648 - LogInfo - start nmap scan service...
2018-04-24 15:36:45,910 - LogInfo - finsh nmap scan.
2018-04-24 15:36:45,911 - LogInfo - compare with the last result
2018-04-24 15:36:45,911 - LogInfo - generate the result file
2018-04-24 15:36:45,911 - LogInfo - start weak pass thread
2018-04-24 15:36:45,911 - LogInfo - start weak pass thread
2018-04-24 15:36:45,911 - LogInfo - read scan reasult to weak pass
2018-04-24 15:36:45,911 - LogInfo - read scan reasult to weak pass
2018-04-24 15:36:45,912 - LogInfo - start weak pass scan...
2018-04-24 15:36:45,912 - LogInfo - start weak pass scan...
2018-04-24 15:36:45,912 - LogInfo - finsh weak pass scan.
2018-04-24 15:36:45,912 - LogInfo - finsh weak pass scan.
2018-04-24 15:36:45,915 - LogInfo - generate the result file out/2018-04-24.xls
2018-04-24 15:36:45,915 - LogInfo - generate the result file out/2018-04-24.xls
2018-04-24 15:36:45,915 - LogInfo - generate the result file out/2018-04-24.xls
2018-04-24 15:36:45,916 - LogInfo - start sending mail...
2018-04-24 15:36:45,916 - LogInfo - start sending mail...
2018-04-24 15:36:45,916 - LogInfo - start sending mail...
2018-04-24 15:36:45,916 - LogInfo - start sending mail...
2018-04-24 15:36:46,598 - LogInfo - sending mail success
2018-04-24 15:36:46,598 - LogInfo - sending mail success
2018-04-24 15:36:46,598 - LogInfo - sending mail success
2018-04-24 15:36:46,598 - LogInfo - sending mail success
2018-04-24 15:40:03,867 - LogInfo - get ip list
2018-04-24 15:40:03,868 - LogInfo - start Masscan process...
2018-04-24 15:40:46,750 - LogInfo - finsh Masscan
2018-04-24 15:40:46,751 - LogInfo - start read results...
2018-04-24 15:40:46,752 - LogInfo - start nmap scan service...
2018-04-24 15:40:47,017 - LogInfo - finsh nmap scan.
2018-04-24 15:40:47,017 - LogInfo - compare with the last result
2018-04-24 15:40:47,017 - LogInfo - generate the result file
2018-04-24 15:40:47,018 - LogInfo - start weak pass thread
2018-04-24 15:40:47,018 - LogInfo - start weak pass thread
2018-04-24 15:40:47,018 - LogInfo - read scan reasult to weak pass
2018-04-24 15:40:47,018 - LogInfo - read scan reasult to weak pass
2018-04-24 15:40:47,018 - LogInfo - start weak pass scan...
2018-04-24 15:40:47,018 - LogInfo - start weak pass scan...
2018-04-24 15:40:47,018 - LogInfo - finsh weak pass scan.
2018-04-24 15:40:47,018 - LogInfo - finsh weak pass scan.
2018-04-24 15:40:47,022 - LogInfo - generate the result file out/2018-04-24.xls
2018-04-24 15:40:47,022 - LogInfo - generate the result file out/2018-04-24.xls
2018-04-24 15:40:47,022 - LogInfo - generate the result file out/2018-04-24.xls
2018-04-24 15:40:47,023 - LogInfo - start sending mail...
2018-04-24 15:40:47,023 - LogInfo - start sending mail...
2018-04-24 15:40:47,023 - LogInfo - start sending mail...
2018-04-24 15:40:47,023 - LogInfo - start sending mail...
2018-04-24 15:40:47,746 - LogInfo - sending mail success
2018-04-24 15:40:47,746 - LogInfo - sending mail success
2018-04-24 15:40:47,746 - LogInfo - sending mail success
2018-04-24 15:40:47,746 - LogInfo - sending mail success
2018-04-24 15:41:50,675 - LogInfo - get ip list
2018-04-24 15:41:50,676 - LogInfo - start Masscan process...
2018-04-24 15:42:33,537 - LogInfo - finsh Masscan
2018-04-24 15:42:33,538 - LogInfo - start read results...
2018-04-24 15:42:33,539 - LogInfo - start nmap scan service...
2018-04-24 15:42:33,816 - LogInfo - finsh nmap scan.
2018-04-24 15:42:33,817 - LogInfo - compare with the last result
2018-04-24 15:42:33,817 - LogInfo - generate the result file
2018-04-24 15:42:33,817 - LogInfo - start weak pass thread
2018-04-24 15:42:33,817 - LogInfo - start weak pass thread
2018-04-24 15:42:33,818 - LogInfo - read scan reasult to weak pass
2018-04-24 15:42:33,818 - LogInfo - read scan reasult to weak pass
2018-04-24 15:42:33,818 - LogInfo - start weak pass scan...
2018-04-24 15:42:33,818 - LogInfo - start weak pass scan...
2018-04-24 15:42:33,818 - LogInfo - finsh weak pass scan.
2018-04-24 15:42:33,818 - LogInfo - finsh weak pass scan.
2018-04-24 15:42:33,822 - LogInfo - generate the result file out/2018-04-24.xls
2018-04-24 15:42:33,822 - LogInfo - generate the result file out/2018-04-24.xls
2018-04-24 15:42:33,822 - LogInfo - generate the result file out/2018-04-24.xls
2018-04-24 15:42:33,822 - LogInfo - start sending mail...
2018-04-24 15:42:33,822 - LogInfo - start sending mail...
2018-04-24 15:42:33,822 - LogInfo - start sending mail...
2018-04-24 15:42:33,822 - LogInfo - start sending mail...
2018-04-24 15:42:34,541 - LogInfo - sending mail success
2018-04-24 15:42:34,541 - LogInfo - sending mail success
2018-04-24 15:42:34,541 - LogInfo - sending mail success
2018-04-24 15:42:34,541 - LogInfo - sending mail success
2018-04-24 15:44:53,344 - LogInfo - get ip list
2018-04-24 15:44:53,344 - LogInfo - start Masscan process...
2018-04-24 15:45:36,708 - LogInfo - finsh Masscan
2018-04-24 15:45:36,710 - LogInfo - start read results...
2018-04-24 15:45:36,710 - LogInfo - start nmap scan service...
2018-04-24 15:45:36,989 - LogInfo - finsh nmap scan.
2018-04-24 15:45:36,989 - LogInfo - compare with the last result
2018-04-24 15:45:36,989 - LogInfo - generate the result file
2018-04-24 15:45:36,990 - LogInfo - start weak pass thread
2018-04-24 15:45:36,990 - LogInfo - start weak pass thread
2018-04-24 15:45:36,990 - LogInfo - read scan reasult to weak pass
2018-04-24 15:45:36,990 - LogInfo - read scan reasult to weak pass
2018-04-24 15:45:36,990 - LogInfo - start weak pass scan...
2018-04-24 15:45:36,990 - LogInfo - start weak pass scan...
2018-04-24 15:45:36,991 - LogInfo - finsh weak pass scan.
2018-04-24 15:45:36,991 - LogInfo - finsh weak pass scan.
2018-04-24 15:45:36,995 - LogInfo - generate the result file out/2018-04-24.xls
2018-04-24 15:45:36,995 - LogInfo - generate the result file out/2018-04-24.xls
2018-04-24 15:45:36,995 - LogInfo - generate the result file out/2018-04-24.xls
2018-04-24 15:45:36,995 - LogInfo - start sending mail...
2018-04-24 15:45:36,995 - LogInfo - start sending mail...
2018-04-24 15:45:36,995 - LogInfo - start sending mail...
2018-04-24 15:45:36,995 - LogInfo - start sending mail...
2018-04-24 15:45:37,797 - LogInfo - sending mail success
2018-04-24 15:45:37,797 - LogInfo - sending mail success
2018-04-24 15:45:37,797 - LogInfo - sending mail success
2018-04-24 15:45:37,797 - LogInfo - sending mail success
2018-04-24 15:47:44,709 - LogInfo - get ip list
2018-04-24 15:47:44,710 - LogInfo - start Masscan process...
2018-04-24 15:48:27,631 - LogInfo - finsh Masscan
2018-04-24 15:48:27,632 - LogInfo - start read results...
2018-04-24 15:48:27,633 - LogInfo - start nmap scan service...
2018-04-24 15:48:27,897 - LogInfo - finsh nmap scan.
2018-04-24 15:48:27,898 - LogInfo - compare with the last result
2018-04-24 15:48:27,898 - LogInfo - generate the result file
2018-04-24 15:48:27,899 - LogInfo - start weak pass thread
2018-04-24 15:48:27,899 - LogInfo - start weak pass thread
2018-04-24 15:48:27,899 - LogInfo - read scan reasult to weak pass
2018-04-24 15:48:27,899 - LogInfo - read scan reasult to weak pass
2018-04-24 15:48:27,899 - LogInfo - start weak pass scan...
2018-04-24 15:48:27,899 - LogInfo - start weak pass scan...
2018-04-24 15:48:27,899 - LogInfo - finsh weak pass scan.
2018-04-24 15:48:27,899 - LogInfo - finsh weak pass scan.
2018-04-24 15:48:27,903 - LogInfo - generate the result file out/2018-04-24.xls
2018-04-24 15:48:27,903 - LogInfo - generate the result file out/2018-04-24.xls
2018-04-24 15:48:27,903 - LogInfo - generate the result file out/2018-04-24.xls
2018-04-24 15:48:27,904 - LogInfo - start sending mail...
2018-04-24 15:48:27,904 - LogInfo - start sending mail...
2018-04-24 15:48:27,904 - LogInfo - start sending mail...
2018-04-24 15:48:27,904 - LogInfo - start sending mail...
2018-04-24 15:48:28,743 - LogInfo - sending mail success
2018-04-24 15:48:28,743 - LogInfo - sending mail success
2018-04-24 15:48:28,743 - LogInfo - sending mail success
2018-04-24 15:48:28,743 - LogInfo - sending mail success
2018-04-24 15:55:23,791 - LogInfo - get ip list
2018-04-24 15:55:23,792 - LogInfo - start Masscan process...
2018-04-24 16:05:16,256 - LogInfo - finsh Masscan
2018-04-24 16:05:16,264 - LogInfo - start read results...
2018-04-24 16:43:37,176 - LogInfo - get ip list
2018-04-24 16:43:37,178 - LogInfo - start Masscan process...
2018-04-24 16:44:32,002 - LogInfo - finsh Masscan
2018-04-24 16:44:32,003 - LogInfo - start read results...
2018-04-24 16:44:32,014 - LogInfo - start nmap scan service...
2018-04-24 16:45:46,074 - LogInfo - get ip list
2018-04-24 16:45:46,075 - LogInfo - start Masscan process...
2018-04-24 16:48:38,743 - LogInfo - finsh Masscan
2018-04-24 16:48:38,745 - LogInfo - start read results...
2018-04-24 16:48:39,648 - LogInfo - start nmap scan service...
